Using pre-set license
Built from '2021.3/staging' branch; Version is '2021.3.24f1 (cf10dcf7010d) revision 13570268'; Using compiler version '192829333'; Build Type 'Release'
OS: 'Windows 10  (10.0.19044) 64bit Professional' Language: 'sv' Physical Memory: 32509 MB
BatchMode: 1, IsHumanControllingUs: 0, StartBugReporterOnCrash: 0, Is64bit: 1, IsPro: 1

COMMAND LINE ARGUMENTS:
E:\Unity\Versions\2021.3.24f1\Editor\Unity.exe
-adb2
-batchMode
-noUpm
-name
AssetImportWorker0
-projectPath
E:/Unity/Projects/Nanotech-Odyssey/Nanotech-Odyssey
-logFile
Logs/AssetImportWorker0.log
-srvPort
60520
Successfully changed project path to: E:/Unity/Projects/Nanotech-Odyssey/Nanotech-Odyssey
E:/Unity/Projects/Nanotech-Odyssey/Nanotech-Odyssey
[UnityMemory] Configuration Parameters - Can be set up in boot.config
    "memorysetup-bucket-allocator-granularity=16"
    "memorysetup-bucket-allocator-bucket-count=8"
    "memorysetup-bucket-allocator-block-size=33554432"
    "memorysetup-bucket-allocator-block-count=8"
    "memorysetup-main-allocator-block-size=16777216"
    "memorysetup-thread-allocator-block-size=16777216"
    "memorysetup-gfx-main-allocator-block-size=16777216"
    "memorysetup-gfx-thread-allocator-block-size=16777216"
    "memorysetup-cache-allocator-block-size=4194304"
    "memorysetup-typetree-allocator-block-size=2097152"
    "memorysetup-profiler-bucket-allocator-granularity=16"
    "memorysetup-profiler-bucket-allocator-bucket-count=8"
    "memorysetup-profiler-bucket-allocator-block-size=33554432"
    "memorysetup-profiler-bucket-allocator-block-count=8"
    "memorysetup-profiler-allocator-block-size=16777216"
    "memorysetup-profiler-editor-allocator-block-size=1048576"
    "memorysetup-temp-allocator-size-main=16777216"
    "memorysetup-job-temp-allocator-block-size=2097152"
    "memorysetup-job-temp-allocator-block-size-background=1048576"
    "memorysetup-job-temp-allocator-reduction-small-platforms=262144"
    "memorysetup-temp-allocator-size-background-worker=32768"
    "memorysetup-temp-allocator-size-job-worker=262144"
    "memorysetup-temp-allocator-size-preload-manager=33554432"
    "memorysetup-temp-allocator-size-nav-mesh-worker=65536"
    "memorysetup-temp-allocator-size-audio-worker=65536"
    "memorysetup-temp-allocator-size-cloud-worker=32768"
    "memorysetup-temp-allocator-size-gi-baking-worker=262144"
    "memorysetup-temp-allocator-size-gfx=262144"
Player connection [23688] Host "[IP] 192.168.50.62 [Port] 0 [Flags] 2 [Guid] 821308225 [EditorId] 821308225 [Version] 1048832 [Id] WindowsEditor(7,DESKTOP-2HM6C9H) [Debug] 1 [PackageName] WindowsEditor [ProjectName] Editor" joined multi-casting on [225.0.0.222:54997]...

Player connection [23688] Host "[IP] 192.168.50.62 [Port] 0 [Flags] 2 [Guid] 821308225 [EditorId] 821308225 [Version] 1048832 [Id] WindowsEditor(7,DESKTOP-2HM6C9H) [Debug] 1 [PackageName] WindowsEditor [ProjectName] Editor" joined alternative multi-casting on [225.0.0.222:34997]...

Refreshing native plugins compatible for Editor in 70.25 ms, found 1 plugins.
Preloading 0 native plugins for Editor in 0.00 ms.
Initialize engine version: 2021.3.24f1 (cf10dcf7010d)
[Subsystems] Discovering subsystems at path E:/Unity/Versions/2021.3.24f1/Editor/Data/Resources/UnitySubsystems
[Subsystems] Discovering subsystems at path E:/Unity/Projects/Nanotech-Odyssey/Nanotech-Odyssey/Assets
GfxDevice: creating device client; threaded=0; jobified=0
Direct3D:
    Version:  Direct3D 11.0 [level 11.1]
    Renderer: NVIDIA GeForce RTX 3070 (ID=0x2484)
    Vendor:   NVIDIA
    VRAM:     8031 MB
    Driver:   31.0.15.3713
Initialize mono
Mono path[0] = 'E:/Unity/Versions/2021.3.24f1/Editor/Data/Managed'
Mono path[1] = 'E:/Unity/Versions/2021.3.24f1/Editor/Data/MonoBleedingEdge/lib/mono/unityjit-win32'
Mono config path = 'E:/Unity/Versions/2021.3.24f1/Editor/Data/MonoBleedingEdge/etc'
Using monoOptions --debugger-agent=transport=dt_socket,embedding=1,server=y,suspend=n,address=127.0.0.1:56264
Begin MonoManager ReloadAssembly
Registering precompiled unity dll's ...
Register platform support module: E:/Unity/Versions/2021.3.24f1/Editor/Data/PlaybackEngines/WindowsStandaloneSupport/UnityEditor.WindowsStandalone.Extensions.dll
Registered in 0.003628 seconds.
Native extension for WindowsStandalone target not found
Refreshing native plugins compatible for Editor in 66.67 ms, found 1 plugins.
Preloading 0 native plugins for Editor in 0.00 ms.
Mono: successfully reloaded assembly
- Completed reload, in  0.706 seconds
Domain Reload Profiling:
	ReloadAssembly (706ms)
		BeginReloadAssembly (110ms)
			ExecutionOrderSort (0ms)
			DisableScriptedObjects (0ms)
			BackupInstance (0ms)
			ReleaseScriptingObjects (0ms)
			CreateAndSetChildDomain (1ms)
		EndReloadAssembly (495ms)
			LoadAssemblies (109ms)
			RebuildTransferFunctionScriptingTraits (0ms)
			SetupTypeCache (113ms)
			ReleaseScriptCaches (0ms)
			RebuildScriptCaches (30ms)
			SetupLoadedEditorAssemblies (295ms)
				LogAssemblyErrors (0ms)
				InitializePlatformSupportModulesInManaged (8ms)
				SetLoadedEditorAssemblies (0ms)
				RefreshPlugins (67ms)
				BeforeProcessingInitializeOnLoad (1ms)
				ProcessInitializeOnLoadAttributes (161ms)
				ProcessInitializeOnLoadMethodAttributes (57ms)
				AfterProcessingInitializeOnLoad (0ms)
				EditorAssembliesLoaded (0ms)
			ExecutionOrderSort2 (0ms)
			AwakeInstancesAfterBackupRestoration (0ms)
Platform modules already initialized, skipping
Registering precompiled user dll's ...
Registered in 0.004102 seconds.
Begin MonoManager ReloadAssembly
Native extension for WindowsStandalone target not found
Refreshing native plugins compatible for Editor in 69.74 ms, found 1 plugins.
Preloading 0 native plugins for Editor in 0.00 ms.
Mono: successfully reloaded assembly
- Completed reload, in  1.253 seconds
Domain Reload Profiling:
	ReloadAssembly (1254ms)
		BeginReloadAssembly (151ms)
			ExecutionOrderSort (0ms)
			DisableScriptedObjects (7ms)
			BackupInstance (0ms)
			ReleaseScriptingObjects (0ms)
			CreateAndSetChildDomain (19ms)
		EndReloadAssembly (990ms)
			LoadAssemblies (123ms)
			RebuildTransferFunctionScriptingTraits (0ms)
			SetupTypeCache (216ms)
			ReleaseScriptCaches (0ms)
			RebuildScriptCaches (74ms)
			SetupLoadedEditorAssemblies (555ms)
				LogAssemblyErrors (0ms)
				InitializePlatformSupportModulesInManaged (4ms)
				SetLoadedEditorAssemblies (0ms)
				RefreshPlugins (70ms)
				BeforeProcessingInitializeOnLoad (92ms)
				ProcessInitializeOnLoadAttributes (275ms)
				ProcessInitializeOnLoadMethodAttributes (110ms)
				AfterProcessingInitializeOnLoad (4ms)
				EditorAssembliesLoaded (0ms)
			ExecutionOrderSort2 (0ms)
			AwakeInstancesAfterBackupRestoration (9ms)
Platform modules already initialized, skipping
========================================================================
Worker process is ready to serve import requests
Launched and connected shader compiler UnityShaderCompiler.exe after 0.04 seconds
Refreshing native plugins compatible for Editor in 0.89 ms, found 1 plugins.
Preloading 0 native plugins for Editor in 0.00 ms.
Unloading 3852 Unused Serialized files (Serialized files now loaded: 0)
Unloading 60 unused Assets / (1.3 MB). Loaded Objects now: 4301.
Memory consumption went from 177.7 MB to 176.4 MB.
Total: 3.604400 ms (FindLiveObjects: 0.456600 ms CreateObjectMapping: 0.129700 ms MarkObjects: 2.514300 ms  DeleteObjects: 0.502600 ms)

AssetImportParameters requested are different than current active one (requested -> active):
  custom:video-decoder-ogg-theora: a1e56fd34408186e4bbccfd4996cb3dc -> 
  custom:container-muxer-webm: aa71ff27fc2769a1b78a27578f13a17b -> 
  custom:container-demuxer-webm: 4f35f7cbe854078d1ac9338744f61a02 -> 
  custom:video-encoder-webm-vp8: eb34c28f22e8b96e1ab97ce403110664 -> 
  custom:audio-encoder-webm-vorbis: bf7c407c2cedff20999df2af8eb42d56 -> 
  custom:framework-win-MediaFoundation: 216162199b28c13a410421893ffa2e32 -> 
  custom:container-demuxer-ogg: 62fdf1f143b41e24485cea50d1cbac27 -> 
  custom:video-decoder-webm-vp8: 9c59270c3fd7afecdb556c50c9e8de78 -> 
  custom:audio-decoder-ogg-vorbis: bf7c407c2cedff20999df2af8eb42d56 -> 
========================================================================
Received Import Request.
  Time since last request: 71361.354080 seconds.
  path: Assets
  artifactKey: Guid(00000000000000001000000000000000) Importer(815301076,1909f56bfc062723c751e8b465ee728b)
Start importing Assets using Guid(00000000000000001000000000000000) Importer(815301076,1909f56bfc062723c751e8b465ee728b)  -> (artifact id: '79842766b460edbeab6a34051e857a80') in 0.013925 seconds 
========================================================================
Received Import Request.
  Time since last request: 5.138972 seconds.
  path: Assets/Sprites
  artifactKey: Guid(c89c649e189190c46bece188394f7a6d) Importer(815301076,1909f56bfc062723c751e8b465ee728b)
Start importing Assets/Sprites using Guid(c89c649e189190c46bece188394f7a6d) Importer(815301076,1909f56bfc062723c751e8b465ee728b)  -> (artifact id: '59045f558e15a9e530aaacec80a9df72') in 0.007684 seconds 
========================================================================
Received Import Request.
  Time since last request: 6.927115 seconds.
  path: Assets/Sprites/Level
  artifactKey: Guid(d1bae75fd8c5b344f946e91fdf5aa5af) Importer(815301076,1909f56bfc062723c751e8b465ee728b)
Start importing Assets/Sprites/Level using Guid(d1bae75fd8c5b344f946e91fdf5aa5af) Importer(815301076,1909f56bfc062723c751e8b465ee728b)  -> (artifact id: '1ef43c4adad6596cad9c92e7e0ddf2ac') in 0.008412 seconds 
========================================================================
Received Import Request.
  Time since last request: 6.755739 seconds.
  path: Assets/Sprites/Level/Tilesset
  artifactKey: Guid(cbe7cb96542c8b64d9d3f3ceb56309af) Importer(815301076,1909f56bfc062723c751e8b465ee728b)
Start importing Assets/Sprites/Level/Tilesset using Guid(cbe7cb96542c8b64d9d3f3ceb56309af) Importer(815301076,1909f56bfc062723c751e8b465ee728b)  -> (artifact id: 'bfbc4a9a9cbd5ced7153dbbb18b926e5') in 0.007529 seconds 
========================================================================
Received Import Request.
  Time since last request: 3.236029 seconds.
  path: Assets/Sprites/Level/Tileset
  artifactKey: Guid(cbe7cb96542c8b64d9d3f3ceb56309af) Importer(815301076,1909f56bfc062723c751e8b465ee728b)
Start importing Assets/Sprites/Level/Tileset using Guid(cbe7cb96542c8b64d9d3f3ceb56309af) Importer(815301076,1909f56bfc062723c751e8b465ee728b)  -> (artifact id: '68acb62107dc284e2678f705a9a3c1fe') in 0.009198 seconds 
========================================================================
Received Import Request.
  Time since last request: 21.693618 seconds.
  path: Assets/Sprites/Level/Tileset/tileset x3.png
  artifactKey: Guid(cda59391bb76f774e85656928084c1be) Importer(815301076,1909f56bfc062723c751e8b465ee728b)
Start importing Assets/Sprites/Level/Tileset/tileset x3.png using Guid(cda59391bb76f774e85656928084c1be) Importer(815301076,1909f56bfc062723c751e8b465ee728b)  -> (artifact id: 'ab1eb68488b70b2f53ea3b5578761661') in 0.285450 seconds 
========================================================================
Received Import Request.
  Time since last request: 26.234588 seconds.
  path: Assets/Sprites/Level/Tileset/tileset x3.png
  artifactKey: Guid(cda59391bb76f774e85656928084c1be) Importer(815301076,1909f56bfc062723c751e8b465ee728b)
Start importing Assets/Sprites/Level/Tileset/tileset x3.png using Guid(cda59391bb76f774e85656928084c1be) Importer(815301076,1909f56bfc062723c751e8b465ee728b)  -> (artifact id: 'cb711b580c64a3d2e17d79f5dce55741') in 0.160800 seconds 
========================================================================
Received Import Request.
  Time since last request: 13.883068 seconds.
  path: Assets/Sprites/Level/Tileset/tileset x3.png
  artifactKey: Guid(cda59391bb76f774e85656928084c1be) Importer(815301076,1909f56bfc062723c751e8b465ee728b)
Start importing Assets/Sprites/Level/Tileset/tileset x3.png using Guid(cda59391bb76f774e85656928084c1be) Importer(815301076,1909f56bfc062723c751e8b465ee728b)  -> (artifact id: '9c454215f76b268d12ee8cae6ff59c11') in 0.018195 seconds 
========================================================================
Received Import Request.
  Time since last request: 24.228412 seconds.
  path: Assets/Sprites/Level/Tileset/tileset x3.png
  artifactKey: Guid(cda59391bb76f774e85656928084c1be) Importer(815301076,1909f56bfc062723c751e8b465ee728b)
Start importing Assets/Sprites/Level/Tileset/tileset x3.png using Guid(cda59391bb76f774e85656928084c1be) Importer(815301076,1909f56bfc062723c751e8b465ee728b)  -> (artifact id: '7365496e4eafa4cbe065540f6df7b6d4') in 0.471295 seconds 
========================================================================
Received Import Request.
  Time since last request: 49.240109 seconds.
  path: Assets/Sprites/New Folder
  artifactKey: Guid(96b6199c7017a4f418ab7bdada439479) Importer(815301076,1909f56bfc062723c751e8b465ee728b)
Start importing Assets/Sprites/New Folder using Guid(96b6199c7017a4f418ab7bdada439479) Importer(815301076,1909f56bfc062723c751e8b465ee728b)  -> (artifact id: '69e407125bac8339e386240e48053782') in 0.007134 seconds 
========================================================================
Received Prepare
Registering precompiled user dll's ...
Registered in 0.003356 seconds.
Begin MonoManager ReloadAssembly
Native extension for WindowsStandalone target not found
Refreshing native plugins compatible for Editor in 0.74 ms, found 1 plugins.
Preloading 0 native plugins for Editor in 0.00 ms.
Mono: successfully reloaded assembly
- Completed reload, in  1.118 seconds
Domain Reload Profiling:
	ReloadAssembly (1118ms)
		BeginReloadAssembly (162ms)
			ExecutionOrderSort (0ms)
			DisableScriptedObjects (8ms)
			BackupInstance (0ms)
			ReleaseScriptingObjects (0ms)
			CreateAndSetChildDomain (30ms)
		EndReloadAssembly (853ms)
			LoadAssemblies (126ms)
			RebuildTransferFunctionScriptingTraits (0ms)
			SetupTypeCache (216ms)
			ReleaseScriptCaches (1ms)
			RebuildScriptCaches (53ms)
			SetupLoadedEditorAssemblies (431ms)
				LogAssemblyErrors (0ms)
				InitializePlatformSupportModulesInManaged (5ms)
				SetLoadedEditorAssemblies (1ms)
				RefreshPlugins (1ms)
				BeforeProcessingInitializeOnLoad (75ms)
				ProcessInitializeOnLoadAttributes (245ms)
				ProcessInitializeOnLoadMethodAttributes (101ms)
				AfterProcessingInitializeOnLoad (3ms)
				EditorAssembliesLoaded (0ms)
			ExecutionOrderSort2 (0ms)
			AwakeInstancesAfterBackupRestoration (11ms)
Platform modules already initialized, skipping
Refreshing native plugins compatible for Editor in 1.44 ms, found 1 plugins.
Preloading 0 native plugins for Editor in 0.00 ms.
Unloading 3735 Unused Serialized files (Serialized files now loaded: 0)
Unloading 33 unused Assets / (1.3 MB). Loaded Objects now: 4451.
Memory consumption went from 173.9 MB to 172.6 MB.
Total: 3.528600 ms (FindLiveObjects: 0.403200 ms CreateObjectMapping: 0.099400 ms MarkObjects: 2.512700 ms  DeleteObjects: 0.512100 ms)

AssetImportParameters requested are different than current active one (requested -> active):
  custom:video-decoder-ogg-theora: a1e56fd34408186e4bbccfd4996cb3dc -> 
  custom:container-muxer-webm: aa71ff27fc2769a1b78a27578f13a17b -> 
  custom:container-demuxer-webm: 4f35f7cbe854078d1ac9338744f61a02 -> 
  custom:video-encoder-webm-vp8: eb34c28f22e8b96e1ab97ce403110664 -> 
  custom:audio-encoder-webm-vorbis: bf7c407c2cedff20999df2af8eb42d56 -> 
  custom:framework-win-MediaFoundation: 216162199b28c13a410421893ffa2e32 -> 
  custom:container-demuxer-ogg: 62fdf1f143b41e24485cea50d1cbac27 -> 
  custom:video-decoder-webm-vp8: 9c59270c3fd7afecdb556c50c9e8de78 -> 
  custom:audio-decoder-ogg-vorbis: bf7c407c2cedff20999df2af8eb42d56 -> 
========================================================================
Received Import Request.
  Time since last request: 6.497555 seconds.
  path: Assets/Sprites/Players
  artifactKey: Guid(96b6199c7017a4f418ab7bdada439479) Importer(815301076,1909f56bfc062723c751e8b465ee728b)
Start importing Assets/Sprites/Players using Guid(96b6199c7017a4f418ab7bdada439479) Importer(815301076,1909f56bfc062723c751e8b465ee728b)  -> (artifact id: '2a93574e2ce11e49254c71f97b947c6d') in 0.011252 seconds 
========================================================================
Received Import Request.
  Time since last request: 7.167067 seconds.
  path: Assets/Sprites/Bossss
  artifactKey: Guid(70277cbeff3d2fd458d7e0da8a87eb7d) Importer(815301076,1909f56bfc062723c751e8b465ee728b)
Start importing Assets/Sprites/Bossss using Guid(70277cbeff3d2fd458d7e0da8a87eb7d) Importer(815301076,1909f56bfc062723c751e8b465ee728b)  -> (artifact id: 'fe372a576c27b823512eea9f58a1a712') in 0.008041 seconds 
========================================================================
Received Import Request.
  Time since last request: 3.363740 seconds.
  path: Assets/Sprites/Boss
  artifactKey: Guid(70277cbeff3d2fd458d7e0da8a87eb7d) Importer(815301076,1909f56bfc062723c751e8b465ee728b)
Start importing Assets/Sprites/Boss using Guid(70277cbeff3d2fd458d7e0da8a87eb7d) Importer(815301076,1909f56bfc062723c751e8b465ee728b)  -> (artifact id: '53590c49c88c3692b51d561e2c95b45d') in 0.006830 seconds 
========================================================================
Received Import Request.
  Time since last request: 5.158402 seconds.
  path: Assets/Sprites/Enemies
  artifactKey: Guid(cd2fbbbfdce0e114db6eddb973aab143) Importer(815301076,1909f56bfc062723c751e8b465ee728b)
Start importing Assets/Sprites/Enemies using Guid(cd2fbbbfdce0e114db6eddb973aab143) Importer(815301076,1909f56bfc062723c751e8b465ee728b)  -> (artifact id: '2e8fa9142a8539568470234755a76618') in 0.007670 seconds 
========================================================================
Received Import Request.
  Time since last request: 3.480194 seconds.
  path: Assets/Sprites/NPC
  artifactKey: Guid(57287d79400fb474cafeefd3ac1af481) Importer(815301076,1909f56bfc062723c751e8b465ee728b)
Start importing Assets/Sprites/NPC using Guid(57287d79400fb474cafeefd3ac1af481) Importer(815301076,1909f56bfc062723c751e8b465ee728b)  -> (artifact id: 'c4fb90d95e70904a6792aed86876ff32') in 0.006809 seconds 
========================================================================
Received Import Request.
  Time since last request: 7.347221 seconds.
  path: Assets/Sprites/Projectiles
  artifactKey: Guid(89cc970e696570146ad09e0c3b7f29c8) Importer(815301076,1909f56bfc062723c751e8b465ee728b)
Start importing Assets/Sprites/Projectiles using Guid(89cc970e696570146ad09e0c3b7f29c8) Importer(815301076,1909f56bfc062723c751e8b465ee728b)  -> (artifact id: 'e6a5f9cbd9feec5f5f4fe7adb0cb38b9') in 0.008009 seconds 
========================================================================
Received Import Request.
  Time since last request: 9.442646 seconds.
  path: Assets/Sprites/Props and Items
  artifactKey: Guid(0ada8db71abe32d4a81cd7eb23f73e30) Importer(815301076,1909f56bfc062723c751e8b465ee728b)
Start importing Assets/Sprites/Props and Items using Guid(0ada8db71abe32d4a81cd7eb23f73e30) Importer(815301076,1909f56bfc062723c751e8b465ee728b)  -> (artifact id: 'f31c23f2723568c4b0a5715711d5125b') in 0.014241 seconds 
========================================================================
Received Import Request.
  Time since last request: 4.864934 seconds.
  path: Assets/Sprites/UI
  artifactKey: Guid(9536abc4f38a0144491fe442629b0f0c) Importer(815301076,1909f56bfc062723c751e8b465ee728b)
Start importing Assets/Sprites/UI using Guid(9536abc4f38a0144491fe442629b0f0c) Importer(815301076,1909f56bfc062723c751e8b465ee728b)  -> (artifact id: '490a9a04885c6c1954291e0501ea33a9') in 0.007962 seconds 
========================================================================
Received Import Request.
  Time since last request: 16.348653 seconds.
  path: Assets/Sprites/Boss/No Outlines
  artifactKey: Guid(2e89af825bd027442befce8446f3d176) Importer(815301076,1909f56bfc062723c751e8b465ee728b)
Start importing Assets/Sprites/Boss/No Outlines using Guid(2e89af825bd027442befce8446f3d176) Importer(815301076,1909f56bfc062723c751e8b465ee728b)  -> (artifact id: '9f8884dc4a4b3faf250a62b343b6c611') in 0.006693 seconds 
========================================================================
Received Import Request.
  Time since last request: 0.060946 seconds.
  path: Assets/Sprites/Boss/No Outlines/boss x1.png
  artifactKey: Guid(de59384f9c3d9e74fb1359d029b839df) Importer(815301076,1909f56bfc062723c751e8b465ee728b)
Start importing Assets/Sprites/Boss/No Outlines/boss x1.png using Guid(de59384f9c3d9e74fb1359d029b839df) Importer(815301076,1909f56bfc062723c751e8b465ee728b)  -> (artifact id: '9fa2ea0c1748e07088e33880dce1885a') in 0.087915 seconds 
========================================================================
Received Import Request.
  Time since last request: 0.000024 seconds.
  path: Assets/Sprites/Boss/No Outlines/boss x3.png
  artifactKey: Guid(cf6daa3005217c94cb18c46e9c771254) Importer(815301076,1909f56bfc062723c751e8b465ee728b)
Start importing Assets/Sprites/Boss/No Outlines/boss x3.png using Guid(cf6daa3005217c94cb18c46e9c771254) Importer(815301076,1909f56bfc062723c751e8b465ee728b)  -> (artifact id: 'ac0a2b3af374be2948b9048c45b148c4') in 0.131228 seconds 
========================================================================
Received Import Request.
  Time since last request: 22.068876 seconds.
  path: Assets/Sprites/Boss/boss outline x3.png
  artifactKey: Guid(f370e4cb219b46043bfd13e8edb052f1) Importer(815301076,1909f56bfc062723c751e8b465ee728b)
Start importing Assets/Sprites/Boss/boss outline x3.png using Guid(f370e4cb219b46043bfd13e8edb052f1) Importer(815301076,1909f56bfc062723c751e8b465ee728b)  -> (artifact id: '3e3897b79668a52b775d22e8202afa86') in 0.092696 seconds 
========================================================================
Received Import Request.
  Time since last request: 9.681908 seconds.
  path: Assets/Sprites/Enemies/enemies x3.png
  artifactKey: Guid(25bb837f607276c4a9b9831c8d6968a5) Importer(815301076,1909f56bfc062723c751e8b465ee728b)
Start importing Assets/Sprites/Enemies/enemies x3.png using Guid(25bb837f607276c4a9b9831c8d6968a5) Importer(815301076,1909f56bfc062723c751e8b465ee728b)  -> (artifact id: '68e5fd2571996088b454f39c6ab8cafb') in 0.090796 seconds 
========================================================================
Received Import Request.
  Time since last request: 4.321827 seconds.
  path: Assets/Sprites/Enemies/enemies x3 1.png
  artifactKey: Guid(1aed1cd981a48204b8218bffcce70862) Importer(815301076,1909f56bfc062723c751e8b465ee728b)
Start importing Assets/Sprites/Enemies/enemies x3 1.png using Guid(1aed1cd981a48204b8218bffcce70862) Importer(815301076,1909f56bfc062723c751e8b465ee728b)  -> (artifact id: '458c891d975bd95c966f193680f680cf') in 0.075140 seconds 
========================================================================
Received Import Request.
  Time since last request: 9.808442 seconds.
  path: Assets/Sprites/NPC/npc x3.png
  artifactKey: Guid(b4360ef6f814a994b91cec522b6b357b) Importer(815301076,1909f56bfc062723c751e8b465ee728b)
Start importing Assets/Sprites/NPC/npc x3.png using Guid(b4360ef6f814a994b91cec522b6b357b) Importer(815301076,1909f56bfc062723c751e8b465ee728b)  -> (artifact id: 'eb1ee495ec58cf54ae0cd341245887c4') in 0.023849 seconds 
========================================================================
Received Import Request.
  Time since last request: 2.221785 seconds.
  path: Assets/Sprites/NPC/npc x3 1.png
  artifactKey: Guid(8c5be2c248eaa20448205306143af003) Importer(815301076,1909f56bfc062723c751e8b465ee728b)
Start importing Assets/Sprites/NPC/npc x3 1.png using Guid(8c5be2c248eaa20448205306143af003) Importer(815301076,1909f56bfc062723c751e8b465ee728b)  -> (artifact id: '93dbd50574784a958b4d0c946eaf66f0') in 0.023491 seconds 
========================================================================
Received Import Request.
  Time since last request: 6.020167 seconds.
  path: Assets/Sprites/Players
  artifactKey: Guid(96b6199c7017a4f418ab7bdada439479) Importer(815301076,1909f56bfc062723c751e8b465ee728b)
Start importing Assets/Sprites/Players using Guid(96b6199c7017a4f418ab7bdada439479) Importer(815301076,1909f56bfc062723c751e8b465ee728b)  -> (artifact id: 'eac4192bf478e337b86aab870490fcf3') in 0.002461 seconds 
========================================================================
Received Import Request.
  Time since last request: 13.410549 seconds.
  path: Assets/Sprites/Players/players blue x3.png
  artifactKey: Guid(f32c5f012163a5f419f8269f78548a73) Importer(815301076,1909f56bfc062723c751e8b465ee728b)
Start importing Assets/Sprites/Players/players blue x3.png using Guid(f32c5f012163a5f419f8269f78548a73) Importer(815301076,1909f56bfc062723c751e8b465ee728b)  -> (artifact id: '867404b698dfb8d46a43db17acf7cfe0') in 0.078882 seconds 
========================================================================
Received Import Request.
  Time since last request: 0.000025 seconds.
  path: Assets/Sprites/Players/players grey x3.png
  artifactKey: Guid(2db768fafdaf5894cb03b5038c50593b) Importer(815301076,1909f56bfc062723c751e8b465ee728b)
Start importing Assets/Sprites/Players/players grey x3.png using Guid(2db768fafdaf5894cb03b5038c50593b) Importer(815301076,1909f56bfc062723c751e8b465ee728b)  -> (artifact id: 'e41bd737d7831f558b51f1768c55b57a') in 0.064338 seconds 
========================================================================
Received Import Request.
  Time since last request: 3.938546 seconds.
  path: Assets/Sprites/Players/Blue
  artifactKey: Guid(41ff5ab8da9e4904fb9a453be8318fd2) Importer(815301076,1909f56bfc062723c751e8b465ee728b)
Start importing Assets/Sprites/Players/Blue using Guid(41ff5ab8da9e4904fb9a453be8318fd2) Importer(815301076,1909f56bfc062723c751e8b465ee728b)  -> (artifact id: '02d1abe85348ade9754ea58f9a7ff32e') in 0.006874 seconds 
========================================================================
Received Import Request.
  Time since last request: 2.821546 seconds.
  path: Assets/Sprites/Players/Gray
  artifactKey: Guid(c8f522044f49b144e9776fceced6912f) Importer(815301076,1909f56bfc062723c751e8b465ee728b)
Start importing Assets/Sprites/Players/Gray using Guid(c8f522044f49b144e9776fceced6912f) Importer(815301076,1909f56bfc062723c751e8b465ee728b)  -> (artifact id: 'df4eb7b2e77ab3002b60ecce4510037d') in 0.006424 seconds 
========================================================================
Received Import Request.
  Time since last request: 4.968909 seconds.
  path: Assets/Sprites/Players/Green
  artifactKey: Guid(2f7efc6e16860654e92c1943b6f4c486) Importer(815301076,1909f56bfc062723c751e8b465ee728b)
Start importing Assets/Sprites/Players/Green using Guid(2f7efc6e16860654e92c1943b6f4c486) Importer(815301076,1909f56bfc062723c751e8b465ee728b)  -> (artifact id: 'f0e4ffdb84eebfa042704c206823fee7') in 0.006724 seconds 
========================================================================
Received Import Request.
  Time since last request: 2.958111 seconds.
  path: Assets/Sprites/Players/Red
  artifactKey: Guid(a1e4c07044ead9044b827cb078939b72) Importer(815301076,1909f56bfc062723c751e8b465ee728b)
Start importing Assets/Sprites/Players/Red using Guid(a1e4c07044ead9044b827cb078939b72) Importer(815301076,1909f56bfc062723c751e8b465ee728b)  -> (artifact id: '77db89d2fb59d82521d21a550f25bb10') in 0.008010 seconds 
========================================================================
Received Import Request.
  Time since last request: 11.653325 seconds.
  path: Assets/Sprites/Players/Blue/players blue x3 1.png
  artifactKey: Guid(31a5a5a793d40564e98b285969c47c87) Importer(815301076,1909f56bfc062723c751e8b465ee728b)
Start importing Assets/Sprites/Players/Blue/players blue x3 1.png using Guid(31a5a5a793d40564e98b285969c47c87) Importer(815301076,1909f56bfc062723c751e8b465ee728b)  -> (artifact id: '2c013dfa789ef12f5524e7d6ebaaa24f') in 0.064275 seconds 
========================================================================
Received Import Request.
  Time since last request: 4.441332 seconds.
  path: Assets/Sprites/Players/Gray/players grey x3 1.png
  artifactKey: Guid(97a67975001e3cc4596196addb77232d) Importer(815301076,1909f56bfc062723c751e8b465ee728b)
Start importing Assets/Sprites/Players/Gray/players grey x3 1.png using Guid(97a67975001e3cc4596196addb77232d) Importer(815301076,1909f56bfc062723c751e8b465ee728b)  -> (artifact id: 'fcaf822357a35bf046a8b661308dd60b') in 0.063786 seconds 
========================================================================
Received Import Request.
  Time since last request: 4.235687 seconds.
  path: Assets/Sprites/Players/Green/players green x3 1.png
  artifactKey: Guid(1d1ec0f8822f2e74b92e8b570e488707) Importer(815301076,1909f56bfc062723c751e8b465ee728b)
Start importing Assets/Sprites/Players/Green/players green x3 1.png using Guid(1d1ec0f8822f2e74b92e8b570e488707) Importer(815301076,1909f56bfc062723c751e8b465ee728b)  -> (artifact id: '9e11dc0dba8df6d71e04486201cd15c9') in 0.063626 seconds 
========================================================================
Received Import Request.
  Time since last request: 3.083199 seconds.
  path: Assets/Sprites/Players/Red/players red x3 1.png
  artifactKey: Guid(fa985e7492315f54e95275ad0f697098) Importer(815301076,1909f56bfc062723c751e8b465ee728b)
Start importing Assets/Sprites/Players/Red/players red x3 1.png using Guid(fa985e7492315f54e95275ad0f697098) Importer(815301076,1909f56bfc062723c751e8b465ee728b)  -> (artifact id: 'cf21730ad7247ec80d1c85510aa97421') in 0.065209 seconds 
========================================================================
Received Import Request.
  Time since last request: 4.772104 seconds.
  path: Assets/Sprites/Players/Grey
  artifactKey: Guid(c8f522044f49b144e9776fceced6912f) Importer(815301076,1909f56bfc062723c751e8b465ee728b)
Start importing Assets/Sprites/Players/Grey using Guid(c8f522044f49b144e9776fceced6912f) Importer(815301076,1909f56bfc062723c751e8b465ee728b)  -> (artifact id: '72549554ead1e21c7d4e08a71474da29') in 0.006845 seconds 
========================================================================
Received Import Request.
  Time since last request: 9.419776 seconds.
  path: Assets/Sprites/Projectiles/projectiles x3.png
  artifactKey: Guid(ec7e850be72ba2c4aaeaf45cbeed9cce) Importer(815301076,1909f56bfc062723c751e8b465ee728b)
Start importing Assets/Sprites/Projectiles/projectiles x3.png using Guid(ec7e850be72ba2c4aaeaf45cbeed9cce) Importer(815301076,1909f56bfc062723c751e8b465ee728b)  -> (artifact id: 'e441c247babf26ab992642f97425feee') in 0.035555 seconds 
========================================================================
Received Import Request.
  Time since last request: 18.104975 seconds.
  path: Assets/Sprites/Props and Items/props and items x3.png
  artifactKey: Guid(0bfca88dea0c00f44884313dd073d230) Importer(815301076,1909f56bfc062723c751e8b465ee728b)
Start importing Assets/Sprites/Props and Items/props and items x3.png using Guid(0bfca88dea0c00f44884313dd073d230) Importer(815301076,1909f56bfc062723c751e8b465ee728b)  -> (artifact id: '858950ad644bd5a01cdb5988737420f0') in 0.229634 seconds 
========================================================================
Received Import Request.
  Time since last request: 6.136847 seconds.
  path: Assets/Sprites/UI/ui x3.png
  artifactKey: Guid(d42d34b2fea0cca4595ca181b044f2a3) Importer(815301076,1909f56bfc062723c751e8b465ee728b)
Start importing Assets/Sprites/UI/ui x3.png using Guid(d42d34b2fea0cca4595ca181b044f2a3) Importer(815301076,1909f56bfc062723c751e8b465ee728b)  -> (artifact id: 'fc9514aebf7d4737c8bc531a0025760f') in 0.124836 seconds 
========================================================================
Received Import Request.
  Time since last request: 6.518262 seconds.
  path: Assets/Sprites/UI/ui x3.png
  artifactKey: Guid(d42d34b2fea0cca4595ca181b044f2a3) Importer(815301076,1909f56bfc062723c751e8b465ee728b)
Start importing Assets/Sprites/UI/ui x3.png using Guid(d42d34b2fea0cca4595ca181b044f2a3) Importer(815301076,1909f56bfc062723c751e8b465ee728b)  -> (artifact id: 'f4cd142c0fccd5341fe27a3dba458cc6') in 0.012291 seconds 
========================================================================
Received Import Request.
  Time since last request: 7.762645 seconds.
  path: Assets/Sprites/Props and Items/props and items x3.png
  artifactKey: Guid(0bfca88dea0c00f44884313dd073d230) Importer(815301076,1909f56bfc062723c751e8b465ee728b)
Start importing Assets/Sprites/Props and Items/props and items x3.png using Guid(0bfca88dea0c00f44884313dd073d230) Importer(815301076,1909f56bfc062723c751e8b465ee728b)  -> (artifact id: '5dea0415c9bdda876b959441462e83f6') in 0.018641 seconds 
========================================================================
Received Import Request.
  Time since last request: 12.072553 seconds.
  path: Assets/Sprites/Projectiles/projectiles x3.png
  artifactKey: Guid(ec7e850be72ba2c4aaeaf45cbeed9cce) Importer(815301076,1909f56bfc062723c751e8b465ee728b)
Start importing Assets/Sprites/Projectiles/projectiles x3.png using Guid(ec7e850be72ba2c4aaeaf45cbeed9cce) Importer(815301076,1909f56bfc062723c751e8b465ee728b)  -> (artifact id: '2ff390076c5e2f640c78ab8872268760') in 0.010360 seconds 
========================================================================
Received Import Request.
  Time since last request: 15.188205 seconds.
  path: Assets/Sprites/Players/Red/players red x3.png
  artifactKey: Guid(3396af982c34faa47ab39681c9895093) Importer(815301076,1909f56bfc062723c751e8b465ee728b)
Start importing Assets/Sprites/Players/Red/players red x3.png using Guid(3396af982c34faa47ab39681c9895093) Importer(815301076,1909f56bfc062723c751e8b465ee728b)  -> (artifact id: 'c3bd3fc54ce4dd55e3568694442b8d11') in 0.010726 seconds 
========================================================================
Received Import Request.
  Time since last request: 7.065724 seconds.
  path: Assets/Sprites/Players/Grey/players grey x3.png
  artifactKey: Guid(2db768fafdaf5894cb03b5038c50593b) Importer(815301076,1909f56bfc062723c751e8b465ee728b)
Start importing Assets/Sprites/Players/Grey/players grey x3.png using Guid(2db768fafdaf5894cb03b5038c50593b) Importer(815301076,1909f56bfc062723c751e8b465ee728b)  -> (artifact id: '2798f555524ee90d066b03b0f34439d8') in 0.011014 seconds 
========================================================================
Received Import Request.
  Time since last request: 0.001860 seconds.
  path: Assets/Sprites/Players/Grey/players grey x3 1.png
  artifactKey: Guid(97a67975001e3cc4596196addb77232d) Importer(815301076,1909f56bfc062723c751e8b465ee728b)
Start importing Assets/Sprites/Players/Grey/players grey x3 1.png using Guid(97a67975001e3cc4596196addb77232d) Importer(815301076,1909f56bfc062723c751e8b465ee728b)  -> (artifact id: '265c127e411f0867bb7c41dd9fbe2d06') in 0.011761 seconds 
========================================================================
Received Import Request.
  Time since last request: 9.771574 seconds.
  path: Assets/Sprites/Players/Green/players green x3.png
  artifactKey: Guid(9b9da82f2746352458eabd041fdc0883) Importer(815301076,1909f56bfc062723c751e8b465ee728b)
Start importing Assets/Sprites/Players/Green/players green x3.png using Guid(9b9da82f2746352458eabd041fdc0883) Importer(815301076,1909f56bfc062723c751e8b465ee728b)  -> (artifact id: '7ffc0a90ede99967308f2088a8a690d5') in 0.011770 seconds 
========================================================================
Received Import Request.
  Time since last request: 11.111247 seconds.
  path: Assets/Sprites/Players/Blue/players blue x3.png
  artifactKey: Guid(f32c5f012163a5f419f8269f78548a73) Importer(815301076,1909f56bfc062723c751e8b465ee728b)
Start importing Assets/Sprites/Players/Blue/players blue x3.png using Guid(f32c5f012163a5f419f8269f78548a73) Importer(815301076,1909f56bfc062723c751e8b465ee728b)  -> (artifact id: '8cab4126ab7168000d866c81f762ed3d') in 0.012436 seconds 
========================================================================
Received Import Request.
  Time since last request: 15.380142 seconds.
  path: Assets/Sprites/NPC/npc x3.png
  artifactKey: Guid(b4360ef6f814a994b91cec522b6b357b) Importer(815301076,1909f56bfc062723c751e8b465ee728b)
Start importing Assets/Sprites/NPC/npc x3.png using Guid(b4360ef6f814a994b91cec522b6b357b) Importer(815301076,1909f56bfc062723c751e8b465ee728b)  -> (artifact id: '2c27d10121c63458d987b11a05d43690') in 0.010990 seconds 
========================================================================
Received Import Request.
  Time since last request: 0.001561 seconds.
  path: Assets/Sprites/NPC/npc x3 1.png
  artifactKey: Guid(8c5be2c248eaa20448205306143af003) Importer(815301076,1909f56bfc062723c751e8b465ee728b)
Start importing Assets/Sprites/NPC/npc x3 1.png using Guid(8c5be2c248eaa20448205306143af003) Importer(815301076,1909f56bfc062723c751e8b465ee728b)  -> (artifact id: '00daa86c2185a3d91280e9c9f291e484') in 0.023824 seconds 
========================================================================
Received Import Request.
  Time since last request: 14.243113 seconds.
  path: Assets/Sprites/Enemies/enemies x3.png
  artifactKey: Guid(25bb837f607276c4a9b9831c8d6968a5) Importer(815301076,1909f56bfc062723c751e8b465ee728b)
Start importing Assets/Sprites/Enemies/enemies x3.png using Guid(25bb837f607276c4a9b9831c8d6968a5) Importer(815301076,1909f56bfc062723c751e8b465ee728b)  -> (artifact id: 'cdb019494f67fd25c2425585cbe3e143') in 0.011285 seconds 
========================================================================
Received Import Request.
  Time since last request: 10.143160 seconds.
  path: Assets/Sprites/Boss/boss outline x3.png
  artifactKey: Guid(f370e4cb219b46043bfd13e8edb052f1) Importer(815301076,1909f56bfc062723c751e8b465ee728b)
Start importing Assets/Sprites/Boss/boss outline x3.png using Guid(f370e4cb219b46043bfd13e8edb052f1) Importer(815301076,1909f56bfc062723c751e8b465ee728b)  -> (artifact id: '542260b8fd4cfd58a4bae0a3ffa36d6c') in 0.020623 seconds 
========================================================================
Received Import Request.
  Time since last request: 8.587601 seconds.
  path: Assets/Sprites/Boss/No Outlines/boss x3.png
  artifactKey: Guid(cf6daa3005217c94cb18c46e9c771254) Importer(815301076,1909f56bfc062723c751e8b465ee728b)
Start importing Assets/Sprites/Boss/No Outlines/boss x3.png using Guid(cf6daa3005217c94cb18c46e9c771254) Importer(815301076,1909f56bfc062723c751e8b465ee728b)  -> (artifact id: '1b33d9ccb5f9070d10acf6e1f89e3618') in 0.031306 seconds 
========================================================================
Received Import Request.
  Time since last request: 14.717440 seconds.
  path: Assets/Scenes
  artifactKey: Guid(109e9bdd0fcc649c5bc59085c35bdc83) Importer(815301076,1909f56bfc062723c751e8b465ee728b)
Start importing Assets/Scenes using Guid(109e9bdd0fcc649c5bc59085c35bdc83) Importer(815301076,1909f56bfc062723c751e8b465ee728b)  -> (artifact id: '0ef13bb1dfc9a810dcac12450e6ab388') in 0.007176 seconds 
========================================================================
Received Import Request.
  Time since last request: 191.860988 seconds.
  path: Assets/Sprites/UI/ui x3.png
  artifactKey: Guid(d42d34b2fea0cca4595ca181b044f2a3) Importer(815301076,1909f56bfc062723c751e8b465ee728b)
Start importing Assets/Sprites/UI/ui x3.png using Guid(d42d34b2fea0cca4595ca181b044f2a3) Importer(815301076,1909f56bfc062723c751e8b465ee728b)  -> (artifact id: '343e6d3c3414c96d2dfc72b89c42b2ee') in 0.127886 seconds 
========================================================================
Received Import Request.
  Time since last request: 126.576149 seconds.
  path: Assets/Sprites/UI/ui x3.png
  artifactKey: Guid(d42d34b2fea0cca4595ca181b044f2a3) Importer(815301076,1909f56bfc062723c751e8b465ee728b)
Start importing Assets/Sprites/UI/ui x3.png using Guid(d42d34b2fea0cca4595ca181b044f2a3) Importer(815301076,1909f56bfc062723c751e8b465ee728b)  -> (artifact id: '62f13eab61136297047e00bf6b2a8bb4') in 0.189185 seconds 
========================================================================
Received Import Request.
  Time since last request: 72.186732 seconds.
  path: Assets/Sprites/UI/ui x3.png
  artifactKey: Guid(d42d34b2fea0cca4595ca181b044f2a3) Importer(815301076,1909f56bfc062723c751e8b465ee728b)
Start importing Assets/Sprites/UI/ui x3.png using Guid(d42d34b2fea0cca4595ca181b044f2a3) Importer(815301076,1909f56bfc062723c751e8b465ee728b)  -> (artifact id: 'c2679071d70c9b8d8e4004515f10b1ed') in 0.207671 seconds 
========================================================================
Received Import Request.
  Time since last request: 135.887488 seconds.
  path: Assets/Sprites/Projectiles/projectiles x3.png
  artifactKey: Guid(ec7e850be72ba2c4aaeaf45cbeed9cce) Importer(815301076,1909f56bfc062723c751e8b465ee728b)
Start importing Assets/Sprites/Projectiles/projectiles x3.png using Guid(ec7e850be72ba2c4aaeaf45cbeed9cce) Importer(815301076,1909f56bfc062723c751e8b465ee728b)  -> (artifact id: '35af236c7c4cf2657c95b03a3dcc54f2') in 0.067858 seconds 
========================================================================
Received Import Request.
  Time since last request: 212.028285 seconds.
  path: Assets/Sprites/Players/Blue/players blue x3.png
  artifactKey: Guid(f32c5f012163a5f419f8269f78548a73) Importer(815301076,1909f56bfc062723c751e8b465ee728b)
Start importing Assets/Sprites/Players/Blue/players blue x3.png using Guid(f32c5f012163a5f419f8269f78548a73) Importer(815301076,1909f56bfc062723c751e8b465ee728b)  -> (artifact id: 'b7ebcbee191d42ccc7d7534de7f30a0c') in 0.334599 seconds 
========================================================================
Received Import Request.
  Time since last request: 116.454745 seconds.
  path: Assets/Sprites/Players/Blue/players blue x3.png
  artifactKey: Guid(f32c5f012163a5f419f8269f78548a73) Importer(815301076,1909f56bfc062723c751e8b465ee728b)
Start importing Assets/Sprites/Players/Blue/players blue x3.png using Guid(f32c5f012163a5f419f8269f78548a73) Importer(815301076,1909f56bfc062723c751e8b465ee728b)  -> (artifact id: '3d848ff899d42a02ca8ec250797fcbea') in 0.194337 seconds 
========================================================================
Received Import Request.
  Time since last request: 91.599286 seconds.
  path: Assets/Sprites/NPC/npc x3.png
  artifactKey: Guid(b4360ef6f814a994b91cec522b6b357b) Importer(815301076,1909f56bfc062723c751e8b465ee728b)
Start importing Assets/Sprites/NPC/npc x3.png using Guid(b4360ef6f814a994b91cec522b6b357b) Importer(815301076,1909f56bfc062723c751e8b465ee728b)  -> (artifact id: '1a39aa982ba59ba260d9c57e0bc6c70e') in 0.042973 seconds 
========================================================================
Received Import Request.
  Time since last request: 27.275530 seconds.
  path: Assets/Sprites/NPC/npc x3 1.png
  artifactKey: Guid(8c5be2c248eaa20448205306143af003) Importer(815301076,1909f56bfc062723c751e8b465ee728b)
Start importing Assets/Sprites/NPC/npc x3 1.png using Guid(8c5be2c248eaa20448205306143af003) Importer(815301076,1909f56bfc062723c751e8b465ee728b)  -> (artifact id: '0a868e20db9c8e84d14b41f11cdbfd7d') in 0.040719 seconds 
========================================================================
Received Import Request.
  Time since last request: 400.711576 seconds.
  path: Assets/Sprites/Players/Blue/player_blue.png
  artifactKey: Guid(f32c5f012163a5f419f8269f78548a73) Importer(815301076,1909f56bfc062723c751e8b465ee728b)
Start importing Assets/Sprites/Players/Blue/player_blue.png using Guid(f32c5f012163a5f419f8269f78548a73) Importer(815301076,1909f56bfc062723c751e8b465ee728b)  -> (artifact id: 'f7cef21decb4e8bd326127b2bfd8f1a7') in 0.267440 seconds 
========================================================================
Received Import Request.
  Time since last request: 68.703240 seconds.
  path: Assets/Sprites/Players/Blue/player_blue_outline.png
  artifactKey: Guid(f32c5f012163a5f419f8269f78548a73) Importer(815301076,1909f56bfc062723c751e8b465ee728b)
Start importing Assets/Sprites/Players/Blue/player_blue_outline.png using Guid(f32c5f012163a5f419f8269f78548a73) Importer(815301076,1909f56bfc062723c751e8b465ee728b)  -> (artifact id: 'f6a100ac9ef0a7b7dd4e86fac5b56c79') in 0.221612 seconds 
========================================================================
Received Import Request.
  Time since last request: 4.225889 seconds.
  path: Assets/Sprites/Players/Blue/player_blue.png
  artifactKey: Guid(31a5a5a793d40564e98b285969c47c87) Importer(815301076,1909f56bfc062723c751e8b465ee728b)
Start importing Assets/Sprites/Players/Blue/player_blue.png using Guid(31a5a5a793d40564e98b285969c47c87) Importer(815301076,1909f56bfc062723c751e8b465ee728b)  -> (artifact id: 'b6c833c738525cd3db623280203fa417') in 0.008652 seconds 
========================================================================
Received Import Request.
  Time since last request: 282.448002 seconds.
  path: Assets/Sprites/Players/Blue/player_blue.png
  artifactKey: Guid(31a5a5a793d40564e98b285969c47c87) Importer(815301076,1909f56bfc062723c751e8b465ee728b)
Start importing Assets/Sprites/Players/Blue/player_blue.png using Guid(31a5a5a793d40564e98b285969c47c87) Importer(815301076,1909f56bfc062723c751e8b465ee728b)  -> (artifact id: 'e689ecf510ce622742ddc602c8fb2f8c') in 0.342227 seconds 
